TN:
SF:src/App.tsx
FN:11,App
FN:30,ProtectedRoute
FNF:2
FNH:0
FNDA:0,App
FNDA:0,ProtectedRoute
DA:1,0
DA:2,0
DA:3,0
DA:4,0
DA:5,0
DA:6,0
DA:7,0
DA:8,0
DA:9,0
DA:12,0
DA:31,0
DA:33,0
DA:34,0
DA:37,0
DA:40,0
LF:15
LH:0
BRDA:33,0,0,0
BRF:1
BRH:0
end_of_record
TN:
SF:src/components/AdvancedFilters.tsx
FN:30,AdvancedFilters
FN:38,(anonymous_1)
FN:43,(anonymous_2)
FN:48,(anonymous_3)
FN:56,(anonymous_4)
FN:79,(anonymous_5)
FN:91,(anonymous_6)
FN:102,(anonymous_7)
FN:105,(anonymous_8)
FN:110,(anonymous_9)
FN:138,(anonymous_10)
FN:156,(anonymous_11)
FN:181,(anonymous_12)
FN:197,(anonymous_13)
FN:211,(anonymous_14)
FN:214,(anonymous_15)
FN:219,(anonymous_16)
FN:244,(anonymous_17)
FN:262,(anonymous_18)
FN:301,FilterSection
FNF:20
FNH:0
FNDA:0,AdvancedFilters
FNDA:0,(anonymous_1)
FNDA:0,(anonymous_2)
FNDA:0,(anonymous_3)
FNDA:0,(anonymous_4)
FNDA:0,(anonymous_5)
FNDA:0,(anonymous_6)
FNDA:0,(anonymous_7)
FNDA:0,(anonymous_8)
FNDA:0,(anonymous_9)
FNDA:0,(anonymous_10)
FNDA:0,(anonymous_11)
FNDA:0,(anonymous_12)
FNDA:0,(anonymous_13)
FNDA:0,(anonymous_14)
FNDA:0,(anonymous_15)
FNDA:0,(anonymous_16)
FNDA:0,(anonymous_17)
FNDA:0,(anonymous_18)
FNDA:0,FilterSection
DA:6,0
DA:7,0
DA:8,0
DA:30,0
DA:35,0
DA:36,0
DA:38,0
DA:39,0
DA:40,0
DA:43,0
DA:44,0
DA:45,0
DA:48,0
DA:49,0
DA:52,0
DA:56,0
DA:79,0
DA:91,0
DA:103,0
DA:106,0
DA:107,0
DA:110,0
DA:138,0
DA:156,0
DA:181,0
DA:197,0
DA:212,0
DA:215,0
DA:216,0
DA:219,0
DA:244,0
DA:262,0
DA:302,0
LF:33
LH:0
BRDA:33,0,0,0
BRDA:49,1,0,0
BRDA:49,1,1,0
BRDA:49,2,0,0
BRDA:49,2,1,0
BRDA:49,2,2,0
BRDA:63,3,0,0
BRDA:63,3,1,0
BRDA:72,4,0,0
BRDA:72,4,1,0
BRDA:106,5,0,0
BRDA:106,5,1,0
BRDA:109,6,0,0
BRDA:109,6,1,0
BRDA:115,7,0,0
BRDA:115,7,1,0
BRDA:115,8,0,0
BRDA:115,8,1,0
BRDA:120,9,0,0
BRDA:120,9,1,0
BRDA:121,10,0,0
BRDA:121,10,1,0
BRDA:122,11,0,0
BRDA:122,11,1,0
BRDA:137,12,0,0
BRDA:137,12,1,0
BRDA:142,13,0,0
BRDA:142,13,1,0
BRDA:143,14,0,0
BRDA:143,14,1,0
BRDA:155,15,0,0
BRDA:155,15,1,0
BRDA:159,16,0,0
BRDA:159,16,1,0
BRDA:161,17,0,0
BRDA:161,17,1,0
BRDA:180,18,0,0
BRDA:180,18,1,0
BRDA:183,19,0,0
BRDA:183,19,1,0
BRDA:196,20,0,0
BRDA:196,20,1,0
BRDA:199,21,0,0
BRDA:199,21,1,0
BRDA:215,22,0,0
BRDA:215,22,1,0
BRDA:218,23,0,0
BRDA:218,23,1,0
BRDA:224,24,0,0
BRDA:224,24,1,0
BRDA:224,25,0,0
BRDA:224,25,1,0
BRDA:243,26,0,0
BRDA:243,26,1,0
BRDA:261,27,0,0
BRDA:261,27,1,0
BRF:56
BRH:0
end_of_record
TN:
SF:src/components/Animations.tsx
FN:17,FadeIn
FN:40,SlideIn
FN:75,ScaleIn
FN:96,StaggerChildren
FN:123,(anonymous_4)
FN:139,HoverCard
FN:158,Pulse
FN:184,BounceIn
FN:209,Shake
FN:212,(anonymous_9)
FN:214,(anonymous_10)
FN:238,PageTransition
FN:259,ModalTransition
FN:280,(anonymous_13)
FN:297,Toast
FN:316,SuccessAnimation
FN:345,ErrorAnimation
FNF:17
FNH:0
FNDA:0,FadeIn
FNDA:0,SlideIn
FNDA:0,ScaleIn
FNDA:0,StaggerChildren
FNDA:0,(anonymous_4)
FNDA:0,HoverCard
FNDA:0,Pulse
FNDA:0,BounceIn
FNDA:0,Shake
FNDA:0,(anonymous_9)
FNDA:0,(anonymous_10)
FNDA:0,PageTransition
FNDA:0,ModalTransition
FNDA:0,(anonymous_13)
FNDA:0,Toast
FNDA:0,SuccessAnimation
FNDA:0,ErrorAnimation
DA:6,0
DA:7,0
DA:17,0
DA:18,0
DA:40,0
DA:47,0
DA:54,0
DA:75,0
DA:76,0
DA:96,0
DA:101,0
DA:111,0
DA:116,0
DA:124,0
DA:139,0
DA:140,0
DA:158,0
DA:159,0
DA:184,0
DA:185,0
DA:209,0
DA:210,0
DA:212,0
DA:213,0
DA:214,0
DA:218,0
DA:238,0
DA:239,0
DA:259,0
DA:260,0
DA:280,0
DA:297,0
DA:298,0
DA:316,0
DA:317,0
DA:345,0
DA:346,0
LF:37
LH:0
BRDA:17,0,0,0
BRDA:17,1,0,0
BRDA:17,2,0,0
BRDA:42,3,0,0
BRDA:43,4,0,0
BRDA:44,5,0,0
BRDA:45,6,0,0
BRDA:75,7,0,0
BRDA:75,8,0,0
BRDA:75,9,0,0
BRDA:98,10,0,0
BRDA:99,11,0,0
BRDA:139,12,0,0
BRDA:139,13,0,0
BRDA:158,14,0,0
BRDA:184,15,0,0
BRDA:184,16,0,0
BRDA:209,17,0,0
BRDA:213,18,0,0
BRDA:221,19,0,0
BRDA:221,19,1,0
BRDA:238,20,0,0
BRDA:262,21,0,0
BRDA:262,21,1,0
BRDA:297,22,0,0
BRDA:300,23,0,0
BRDA:300,23,1,0
BRDA:302,24,0,0
BRDA:302,24,1,0
BRDA:304,25,0,0
BRDA:304,25,1,0
BRDA:306,26,0,0
BRDA:306,26,1,0
BRF:33
BRH:0
end_of_record
TN:
SF:src/components/DashboardCharts.tsx
FN:28,DashboardCharts
FN:33,(anonymous_1)
FN:37,(anonymous_2)
FN:45,(anonymous_3)
FN:201,(anonymous_4)
FN:206,(anonymous_5)
FN:258,MetricCard
FNF:7
FNH:0
FNDA:0,DashboardCharts
FNDA:0,(anonymous_1)
FNDA:0,(anonymous_2)
FNDA:0,(anonymous_3)
FNDA:0,(anonymous_4)
FNDA:0,(anonymous_5)
FNDA:0,MetricCard
DA:6,0
DA:7,0
DA:24,0
DA:25,0
DA:26,0
DA:28,0
DA:29,0
DA:30,0
DA:31,0
DA:33,0
DA:34,0
DA:37,0
DA:38,0
DA:39,0
DA:45,0
DA:46,0
DA:78,0
DA:81,0
DA:85,0
DA:86,0
DA:89,0
DA:90,0
DA:91,0
DA:93,0
DA:201,0
DA:207,0
DA:259,0
DA:266,0
LF:28
LH:0
BRDA:85,0,0,0
BRDA:90,1,0,0
BRDA:90,1,1,0
BRDA:91,2,0,0
BRDA:91,2,1,0
BRDA:114,3,0,0
BRDA:114,3,1,0
BRDA:153,4,0,0
BRDA:153,4,1,0
BRDA:178,5,0,0
BRDA:178,5,1,0
BRDA:212,6,0,0
BRDA:212,6,1,0
BRF:13
BRH:0
end_of_record
TN:
SF:src/components/EmptyState.tsx
FN:49,EmptyState
FN:101,NoInvestigationsEmpty
FN:115,NoResultsEmpty
FN:129,NoNotificationsEmpty
FN:139,NoDataEmpty
FNF:5
FNH:0
FNDA:0,EmptyState
FNDA:0,NoInvestigationsEmpty
FNDA:0,NoResultsEmpty
FNDA:0,NoNotificationsEmpty
FNDA:0,NoDataEmpty
DA:6,0
DA:7,0
DA:20,0
DA:49,0
DA:56,0
DA:101,0
DA:102,0
DA:115,0
DA:116,0
DA:129,0
DA:130,0
DA:139,0
DA:140,0
LF:13
LH:0
BRDA:54,0,0,0
BRDA:69,1,0,0
BRDA:69,1,1,0
BRDA:78,2,0,0
BRDA:78,2,1,0
BRDA:85,3,0,0
BRDA:85,3,1,0
BRDA:121,4,0,0
BRDA:121,4,1,0
BRDA:139,5,0,0
BRF:10
BRH:0
end_of_record
TN:
SF:src/components/ErrorBoundary.tsx
FN:22,(anonymous_0)
FN:56,(anonymous_1)
FN:31,(anonymous_2)
FN:39,(anonymous_3)
FN:64,(anonymous_4)
FN:132,(anonymous_5)
FN:158,useErrorHandler
FN:161,(anonymous_7)
FN:171,withErrorBoundary
FN:175,WithErrorBoundary
FNF:10
FNH:0
FNDA:0,(anonymous_0)
FNDA:0,(anonymous_1)
FNDA:0,(anonymous_2)
FNDA:0,(anonymous_3)
FNDA:0,(anonymous_4)
FNDA:0,(anonymous_5)
FNDA:0,useErrorHandler
FNDA:0,(anonymous_7)
FNDA:0,withErrorBoundary
FNDA:0,WithErrorBoundary
DA:6,0
DA:7,0
DA:21,0
DA:23,0
DA:24,0
DA:32,0
DA:40,0
DA:42,0
DA:48,0
DA:49,0
DA:56,0
DA:57,0
DA:65,0
DA:67,0
DA:68,0
DA:72,0
DA:132,0
DA:153,0
DA:158,0
DA:159,0
DA:161,0
DA:162,0
DA:163,0
DA:167,0
DA:171,0
DA:175,0
DA:176,0
LF:27
LH:0
BRDA:48,0,0,0
BRDA:65,1,0,0
BRDA:67,2,0,0
BRDA:109,3,0,0
BRDA:109,3,1,0
BRDA:109,3,2,0
BRDA:162,4,0,0
BRF:7
BRH:0
end_of_record
TN:
SF:src/components/InteractiveMap.tsx
FN:50,InteractiveMap
FN:79,(anonymous_1)
FN:98,(anonymous_2)
FN:108,(anonymous_3)
FN:118,(anonymous_4)
FN:172,(anonymous_5)
FN:178,(anonymous_6)
FN:200,(anonymous_7)
FN:220,(anonymous_8)
FN:241,(anonymous_9)
FN:277,MapBounds
FN:280,(anonymous_11)
FN:282,(anonymous_12)
FN:291,InteractiveMapDemo
FN:333,(anonymous_14)
FNF:15
FNH:0
FNDA:0,InteractiveMap
FNDA:0,(anonymous_1)
FNDA:0,(anonymous_2)
FNDA:0,(anonymous_3)
FNDA:0,(anonymous_4)
FNDA:0,(anonymous_5)
FNDA:0,(anonymous_6)
FNDA:0,(anonymous_7)
FNDA:0,(anonymous_8)
FNDA:0,(anonymous_9)
FNDA:0,MapBounds
FNDA:0,(anonymous_11)
FNDA:0,(anonymous_12)
FNDA:0,InteractiveMapDemo
FNDA:0,(anonymous_14)
DA:6,0
DA:7,0
DA:8,0
DA:9,0
DA:10,0
DA:11,0
DA:14,0
DA:15,0
DA:16,0
DA:18,0
DA:28,0
DA:50,0
DA:57,0
DA:58,0
DA:59,0
DA:62,0
DA:79,0
DA:80,0
DA:81,0
DA:85,0
DA:91,0
DA:98,0
DA:108,0
DA:118,0
DA:173,0
DA:178,0
DA:200,0
DA:220,0
DA:241,0
DA:278,0
DA:280,0
DA:281,0
DA:282,0
DA:283,0
DA:287,0
DA:291,0
DA:292,0
DA:320,0
DA:334,0
LF:39
LH:0
BRDA:52,0,0,0
BRDA:53,1,0,0
BRDA:54,2,0,0
BRDA:64,3,0,0
BRDA:64,3,1,0
BRDA:100,4,0,0
BRDA:100,4,1,0
BRDA:110,5,0,0
BRDA:110,5,1,0
BRDA:120,6,0,0
BRDA:120,6,1,0
BRDA:190,7,0,0
BRDA:190,7,1,0
BRDA:191,8,0,0
BRDA:191,8,1,0
BRDA:194,9,0,0
BRDA:194,9,1,0
BRDA:195,10,0,0
BRDA:195,10,1,0
BRDA:210,11,0,0
BRDA:210,11,1,0
BRDA:229,12,0,0
BRDA:229,12,1,0
BRDA:281,13,0,0
BRF:24
BRH:0
end_of_record
TN:
SF:src/components/InvestigationComparison.tsx
FN:30,InvestigationComparison
FN:38,(anonymous_1)
FN:42,(anonymous_2)
FN:44,(anonymous_3)
FN:44,(anonymous_4)
FN:46,(anonymous_5)
FN:52,(anonymous_6)
FN:86,(anonymous_7)
FN:91,(anonymous_8)
FN:138,(anonymous_9)
FN:154,(anonymous_10)
FN:167,(anonymous_11)
FN:172,(anonymous_12)
FN:177,(anonymous_13)
FN:183,(anonymous_14)
FN:189,(anonymous_15)
FN:195,(anonymous_16)
FN:198,(anonymous_17)
FN:209,(anonymous_18)
FN:214,(anonymous_19)
FN:219,(anonymous_20)
FN:239,ComparisonRow
FN:260,(anonymous_22)
FN:284,SummaryCard
FNF:24
FNH:0
FNDA:0,InvestigationComparison
FNDA:0,(anonymous_1)
FNDA:0,(anonymous_2)
FNDA:0,(anonymous_3)
FNDA:0,(anonymous_4)
FNDA:0,(anonymous_5)
FNDA:0,(anonymous_6)
FNDA:0,(anonymous_7)
FNDA:0,(anonymous_8)
FNDA:0,(anonymous_9)
FNDA:0,(anonymous_10)
FNDA:0,(anonymous_11)
FNDA:0,(anonymous_12)
FNDA:0,(anonymous_13)
FNDA:0,(anonymous_14)
FNDA:0,(anonymous_15)
FNDA:0,(anonymous_16)
FNDA:0,(anonymous_17)
FNDA:0,(anonymous_18)
FNDA:0,(anonymous_19)
FNDA:0,(anonymous_20)
FNDA:0,ComparisonRow
FNDA:0,(anonymous_22)
FNDA:0,SummaryCard
DA:6,0
DA:7,0
DA:8,0
DA:9,0
DA:30,0
DA:34,0
DA:35,0
DA:36,0
DA:38,0
DA:39,0
DA:42,0
DA:43,0
DA:44,0
DA:45,0
DA:46,0
DA:48,0
DA:52,0
DA:53,0
DA:54,0
DA:55,0
DA:57,0
DA:60,0
DA:87,0
DA:91,0
DA:138,0
DA:155,0
DA:167,0
DA:172,0
DA:177,0
DA:183,0
DA:189,0
DA:195,0
DA:198,0
DA:209,0
DA:214,0
DA:219,0
DA:252,0
DA:253,0
DA:255,0
DA:262,0
DA:265,0
DA:285,0
LF:42
LH:0
BRDA:32,0,0,0
BRDA:43,1,0,0
BRDA:43,1,1,0
BRDA:45,2,0,0
BRDA:45,2,1,0
BRDA:53,3,0,0
BRDA:63,4,0,0
BRDA:63,4,1,0
BRDA:93,5,0,0
BRDA:93,5,1,0
BRDA:102,6,0,0
BRDA:102,6,1,0
BRDA:126,7,0,0
BRDA:126,7,1,0
BRDA:242,8,0,0
BRDA:252,9,0,0
BRDA:252,9,1,0
BRDA:253,10,0,0
BRDA:253,10,1,0
BRDA:262,11,0,0
BRDA:262,11,1,0
BRDA:262,11,2,0
BRDA:262,11,3,0
BRDA:269,12,0,0
BRDA:269,12,1,0
BRDA:274,13,0,0
BRDA:274,13,1,0
BRDA:275,14,0,0
BRDA:275,14,1,0
BRF:29
BRH:0
end_of_record
TN:
SF:src/components/Layout.tsx
FN:5,Layout
FNF:1
FNH:0
FNDA:0,Layout
DA:1,0
DA:2,0
DA:3,0
DA:5,0
DA:6,0
LF:5
LH:0
BRF:0
BRH:0
end_of_record
TN:
SF:src/components/Loading.tsx
FN:20,Loading
FN:51,(anonymous_1)
FN:111,Skeleton
FN:114,(anonymous_3)
FN:125,SkeletonCard
FN:140,TableSkeleton
FN:143,(anonymous_6)
FN:145,(anonymous_7)
FN:155,InvestigationLoading
FN:180,(anonymous_9)
FNF:10
FNH:0
FNDA:0,Loading
FNDA:0,(anonymous_1)
FNDA:0,Skeleton
FNDA:0,(anonymous_3)
FNDA:0,SkeletonCard
FNDA:0,TableSkeleton
FNDA:0,(anonymous_6)
FNDA:0,(anonymous_7)
FNDA:0,InvestigationLoading
FNDA:0,(anonymous_9)
DA:6,0
DA:7,0
DA:20,0
DA:27,0
DA:31,0
DA:37,0
DA:52,0
DA:111,0
DA:112,0
DA:115,0
DA:125,0
DA:126,0
DA:140,0
DA:141,0
DA:144,0
DA:146,0
DA:155,0
DA:156,0
DA:165,0
DA:181,0
LF:20
LH:0
BRDA:21,0,0,0
BRDA:24,1,0,0
BRDA:25,2,0,0
BRDA:27,3,0,0
BRDA:27,3,1,0
BRDA:41,4,0,0
BRDA:41,4,1,0
BRDA:49,5,0,0
BRDA:49,5,1,0
BRDA:54,6,0,0
BRDA:54,6,1,0
BRDA:54,7,0,0
BRDA:54,7,1,0
BRDA:66,8,0,0
BRDA:66,8,1,0
BRDA:74,9,0,0
BRDA:74,9,1,0
BRDA:74,9,2,0
BRDA:91,10,0,0
BRDA:91,10,1,0
BRDA:111,11,0,0
BRDA:111,12,0,0
BRDA:140,13,0,0
BRDA:140,14,0,0
BRDA:172,15,0,0
BRDA:172,15,1,0
BRDA:184,16,0,0
BRDA:184,16,1,0
BRDA:188,17,0,0
BRDA:188,17,1,0
BRF:30
BRH:0
end_of_record
TN:
SF:src/components/Navbar.tsx
FN:5,Navbar
FNF:1
FNH:1
FNDA:3,Navbar
DA:1,1
DA:2,1
DA:3,1
DA:5,1
DA:6,3
DA:8,3
LF:6
LH:6
BRF:0
BRH:0
end_of_record
TN:
SF:src/components/OnboardingTooltip.tsx
FN:10,OnboardingTooltip
FN:26,(anonymous_1)
FN:29,(anonymous_2)
FN:78,(anonymous_3)
FNF:4
FNH:0
FNDA:0,OnboardingTooltip
FNDA:0,(anonymous_1)
FNDA:0,(anonymous_2)
FNDA:0,(anonymous_3)
DA:6,0
DA:7,0
DA:8,0
DA:10,0
DA:19,0
DA:21,0
DA:22,0
DA:23,0
DA:26,0
DA:27,0
DA:29,0
DA:30,0
DA:31,0
DA:33,0
DA:34,0
DA:35,0
DA:37,0
DA:38,0
DA:39,0
DA:41,0
DA:43,0
DA:44,0
DA:45,0
DA:47,0
DA:48,0
DA:49,0
DA:51,0
DA:52,0
DA:53,0
DA:55,0
DA:56,0
DA:57,0
DA:61,0
DA:62,0
DA:64,0
DA:65,0
DA:67,0
DA:68,0
DA:71,0
DA:74,0
DA:75,0
DA:76,0
DA:78,0
DA:79,0
DA:80,0
DA:83,0
DA:84,0
DA:85,0
DA:90,0
DA:92,0
DA:93,0
DA:94,0
DA:96,0
LF:53
LH:0
BRDA:27,0,0,0
BRDA:27,1,0,0
BRDA:27,1,1,0
BRDA:31,2,0,0
BRDA:31,3,0,0
BRDA:31,3,1,0
BRDA:39,4,0,0
BRDA:39,4,1,0
BRDA:41,5,0,0
BRDA:41,5,1,0
BRDA:41,5,2,0
BRDA:41,5,3,0
BRDA:84,6,0,0
BRDA:90,7,0,0
BRDA:90,8,0,0
BRDA:90,8,1,0
BRDA:93,9,0,0
BRDA:93,9,1,0
BRDA:94,10,0,0
BRDA:94,10,1,0
BRDA:100,11,0,0
BRDA:100,11,1,0
BRDA:119,12,0,0
BRDA:119,12,1,0
BRDA:120,13,0,0
BRDA:120,13,1,0
BRDA:121,14,0,0
BRDA:121,14,1,0
BRDA:131,15,0,0
BRDA:131,15,1,0
BRDA:173,16,0,0
BRDA:173,16,1,0
BRF:32
BRH:0
end_of_record
TN:
SF:src/components/Sidebar.tsx
FN:10,Sidebar
FN:14,(anonymous_1)
FN:18,(anonymous_2)
FNF:3
FNH:3
FNDA:3,Sidebar
FNDA:6,(anonymous_1)
FNDA:6,(anonymous_2)
DA:1,1
DA:2,1
DA:3,1
DA:5,1
DA:10,1
DA:11,3
DA:15,6
DA:19,6
LF:8
LH:8
BRDA:21,0,0,0
BRDA:21,0,1,6
BRF:2
BRH:1
end_of_record
TN:
SF:src/components/Timeline.tsx
FN:31,Timeline
FN:41,(anonymous_1)
FN:58,(anonymous_2)
FN:59,(anonymous_3)
FN:61,(anonymous_4)
FN:71,(anonymous_5)
FN:74,(anonymous_6)
FN:87,(anonymous_7)
FN:98,(anonymous_8)
FN:120,(anonymous_9)
FN:128,(anonymous_10)
FN:146,(anonymous_11)
FN:159,TimelineItem
FN:212,(anonymous_13)
FN:228,groupEvents
FN:231,(anonymous_15)
FN:244,(anonymous_16)
FN:248,formatGroupLabel
FN:269,TimelineDemo
FN:320,(anonymous_19)
FNF:20
FNH:0
FNDA:0,Timeline
FNDA:0,(anonymous_1)
FNDA:0,(anonymous_2)
FNDA:0,(anonymous_3)
FNDA:0,(anonymous_4)
FNDA:0,(anonymous_5)
FNDA:0,(anonymous_6)
FNDA:0,(anonymous_7)
FNDA:0,(anonymous_8)
FNDA:0,(anonymous_9)
FNDA:0,(anonymous_10)
FNDA:0,(anonymous_11)
FNDA:0,TimelineItem
FNDA:0,(anonymous_13)
FNDA:0,groupEvents
FNDA:0,(anonymous_15)
FNDA:0,(anonymous_16)
FNDA:0,formatGroupLabel
FNDA:0,TimelineDemo
FNDA:0,(anonymous_19)
DA:6,0
DA:7,0
DA:8,0
DA:9,0
DA:10,0
DA:31,0
DA:37,0
DA:40,0
DA:41,0
DA:45,0
DA:50,0
DA:58,0
DA:59,0
DA:60,0
DA:61,0
DA:66,0
DA:72,0
DA:74,0
DA:87,0
DA:99,0
DA:121,0
DA:128,0
DA:146,0
DA:160,0
DA:167,0
DA:174,0
DA:182,0
DA:213,0
DA:229,0
DA:231,0
DA:232,0
DA:236,0
DA:237,0
DA:239,0
DA:243,0
DA:244,0
DA:249,0
DA:251,0
DA:252,0
DA:253,0
DA:254,0
DA:256,0
DA:257,0
DA:258,0
DA:259,0
DA:261,0
DA:264,0
DA:269,0
DA:270,0
DA:309,0
DA:320,0
LF:51
LH:0
BRDA:33,0,0,0
BRDA:34,1,0,0
BRDA:40,2,0,0
BRDA:40,2,1,0
BRDA:45,3,0,0
BRDA:45,3,1,0
BRDA:60,4,0,0
BRDA:60,4,1,0
BRDA:76,5,0,0
BRDA:76,5,1,0
BRDA:76,6,0,0
BRDA:76,6,1,0
BRDA:85,7,0,0
BRDA:85,7,1,0
BRDA:101,8,0,0
BRDA:101,8,1,0
BRDA:108,9,0,0
BRDA:108,9,1,0
BRDA:139,10,0,0
BRDA:139,10,1,0
BRDA:144,11,0,0
BRDA:144,11,1,0
BRDA:197,12,0,0
BRDA:197,12,1,0
BRDA:210,13,0,0
BRDA:210,13,1,0
BRDA:210,13,2,0
BRDA:232,14,0,0
BRDA:232,14,1,0
BRDA:236,15,0,0
BRDA:249,16,0,0
BRDA:249,16,1,0
BRDA:251,17,0,0
BRDA:251,17,1,0
BRDA:256,18,0,0
BRDA:256,18,1,0
BRDA:258,19,0,0
BRDA:258,19,1,0
BRF:38
BRH:0
end_of_record
TN:
SF:src/components/Toast.tsx
FN:36,ToastProvider
FN:39,(anonymous_1)
FN:47,(anonymous_2)
FN:51,(anonymous_3)
FN:57,(anonymous_4)
FN:58,(anonymous_5)
FN:58,(anonymous_6)
FN:61,(anonymous_7)
FN:65,(anonymous_8)
FN:69,(anonymous_9)
FN:73,(anonymous_10)
FN:84,(anonymous_11)
FN:88,(anonymous_12)
FN:98,ToastItem
FN:171,useToast
FNF:15
FNH:0
FNDA:0,ToastProvider
FNDA:0,(anonymous_1)
FNDA:0,(anonymous_2)
FNDA:0,(anonymous_3)
FNDA:0,(anonymous_4)
FNDA:0,(anonymous_5)
FNDA:0,(anonymous_6)
FNDA:0,(anonymous_7)
FNDA:0,(anonymous_8)
FNDA:0,(anonymous_9)
FNDA:0,(anonymous_10)
FNDA:0,(anonymous_11)
FNDA:0,(anonymous_12)
FNDA:0,ToastItem
FNDA:0,useToast
DA:6,0
DA:7,0
DA:33,0
DA:36,0
DA:37,0
DA:39,0
DA:40,0
DA:41,0
DA:47,0
DA:50,0
DA:51,0
DA:52,0
DA:57,0
DA:58,0
DA:61,0
DA:62,0
DA:65,0
DA:66,0
DA:69,0
DA:70,0
DA:73,0
DA:74,0
DA:77,0
DA:85,0
DA:88,0
DA:99,0
DA:122,0
DA:129,0
DA:171,0
DA:172,0
DA:173,0
DA:174,0
DA:176,0
LF:33
LH:0
BRDA:50,0,0,0
BRDA:142,1,0,0
BRDA:142,1,1,0
BRDA:147,2,0,0
BRDA:147,2,1,0
BRDA:173,3,0,0
BRF:6
BRH:0
end_of_record
TN:
SF:src/components/ui/Cards.tsx
FN:14,(anonymous_0)
FN:60,(anonymous_1)
FN:125,(anonymous_2)
FN:149,(anonymous_3)
FN:185,(anonymous_4)
FN:229,(anonymous_5)
FN:313,(anonymous_6)
FN:324,(anonymous_7)
FN:372,(anonymous_8)
FNF:9
FNH:0
FNDA:0,(anonymous_0)
FNDA:0,(anonymous_1)
FNDA:0,(anonymous_2)
FNDA:0,(anonymous_3)
FNDA:0,(anonymous_4)
FNDA:0,(anonymous_5)
FNDA:0,(anonymous_6)
FNDA:0,(anonymous_7)
FNDA:0,(anonymous_8)
DA:1,0
DA:2,0
DA:4,0
DA:14,0
DA:21,0
DA:28,0
DA:60,0
DA:68,0
DA:76,0
DA:125,0
DA:149,0
DA:156,0
DA:185,0
DA:186,0
DA:229,0
DA:230,0
DA:257,0
DA:259,0
DA:313,0
DA:314,0
DA:321,0
DA:325,0
DA:372,0
DA:373,0
LF:24
LH:0
BRDA:15,0,0,0
BRDA:16,1,0,0
BRDA:33,2,0,0
BRDA:33,2,1,0
BRDA:66,3,0,0
BRDA:95,4,0,0
BRDA:95,4,1,0
BRDA:107,5,0,0
BRDA:107,5,1,0
BRDA:111,6,0,0
BRDA:111,6,1,0
BRDA:113,7,0,0
BRDA:113,7,1,0
BRDA:120,8,0,0
BRDA:120,8,1,0
BRDA:153,9,0,0
BRDA:166,10,0,0
BRDA:166,10,1,0
BRDA:206,11,0,0
BRDA:206,11,1,0
BRDA:272,12,0,0
BRDA:272,12,1,0
BRDA:273,13,0,0
BRDA:273,13,1,0
BRDA:274,14,0,0
BRDA:274,14,1,0
BRDA:275,15,0,0
BRDA:275,15,1,0
BRDA:285,16,0,0
BRDA:285,16,1,0
BRDA:327,17,0,0
BRDA:327,17,1,0
BRDA:334,18,0,0
BRDA:334,18,1,0
BRDA:336,19,0,0
BRDA:336,19,1,0
BRDA:375,20,0,0
BRDA:375,20,1,0
BRDA:386,21,0,0
BRDA:386,21,1,0
BRF:40
BRH:0
end_of_record
TN:
SF:src/components/ui/Controls.tsx
FN:17,(anonymous_0)
FN:117,(anonymous_1)
FN:183,(anonymous_2)
FN:254,(anonymous_3)
FN:278,(anonymous_4)
FN:282,(anonymous_5)
FN:318,(anonymous_6)
FN:331,(anonymous_7)
FN:332,(anonymous_8)
FN:370,(anonymous_9)
FNF:10
FNH:0
FNDA:0,(anonymous_0)
FNDA:0,(anonymous_1)
FNDA:0,(anonymous_2)
FNDA:0,(anonymous_3)
FNDA:0,(anonymous_4)
FNDA:0,(anonymous_5)
FNDA:0,(anonymous_6)
FNDA:0,(anonymous_7)
FNDA:0,(anonymous_8)
FNDA:0,(anonymous_9)
DA:1,0
DA:2,0
DA:3,0
DA:17,0
DA:30,0
DA:32,0
DA:40,0
DA:78,0
DA:116,0
DA:118,0
DA:124,0
DA:170,0
DA:183,0
DA:191,0
DA:197,0
DA:230,0
DA:254,0
DA:262,0
DA:271,0
DA:278,0
DA:279,0
DA:280,0
DA:282,0
DA:288,0
DA:318,0
DA:319,0
DA:321,0
DA:328,0
DA:331,0
DA:332,0
DA:370,0
DA:378,0
DA:380,0
DA:386,0
DA:394,0
LF:35
LH:0
BRDA:18,0,0,0
BRDA:19,1,0,0
BRDA:20,2,0,0
BRDA:21,3,0,0
BRDA:23,4,0,0
BRDA:24,5,0,0
BRDA:80,6,0,0
BRDA:80,6,1,0
BRDA:80,7,0,0
BRDA:80,7,1,0
BRDA:81,8,0,0
BRDA:81,8,1,0
BRDA:81,9,0,0
BRDA:81,9,1,0
BRDA:86,10,0,0
BRDA:86,10,1,0
BRDA:89,11,0,0
BRDA:89,11,1,0
BRDA:92,12,0,0
BRDA:92,12,1,0
BRDA:98,13,0,0
BRDA:98,13,1,0
BRDA:98,13,2,0
BRDA:98,13,3,0
BRDA:100,14,0,0
BRDA:100,14,1,0
BRDA:100,14,2,0
BRDA:100,14,3,0
BRDA:117,15,0,0
BRDA:126,16,0,0
BRDA:126,16,1,0
BRDA:132,17,0,0
BRDA:132,17,1,0
BRDA:142,18,0,0
BRDA:142,18,1,0
BRDA:143,19,0,0
BRDA:143,19,1,0
BRDA:144,20,0,0
BRDA:144,20,1,0
BRDA:149,21,0,0
BRDA:149,21,1,0
BRDA:155,22,0,0
BRDA:155,22,1,0
BRDA:160,23,0,0
BRDA:160,23,1,0
BRDA:160,23,2,0
BRDA:185,24,0,0
BRDA:186,25,0,0
BRDA:187,26,0,0
BRDA:188,27,0,0
BRDA:237,28,0,0
BRDA:237,28,1,0
BRDA:258,29,0,0
BRDA:279,30,0,0
BRDA:294,31,0,0
BRDA:294,31,1,0
BRDA:295,32,0,0
BRDA:295,32,1,0
BRDA:300,33,0,0
BRDA:300,33,1,0
BRDA:318,34,0,0
BRDA:335,35,0,0
BRDA:335,35,1,0
BRDA:347,36,0,0
BRDA:347,36,1,0
BRDA:347,37,0,0
BRDA:347,37,1,0
BRDA:347,38,0,0
BRDA:347,38,1,0
BRDA:348,39,0,0
BRDA:348,39,1,0
BRDA:348,40,0,0
BRDA:348,40,1,0
BRDA:349,41,0,0
BRDA:349,41,1,0
BRDA:349,42,0,0
BRDA:349,42,1,0
BRDA:350,43,0,0
BRDA:350,43,1,0
BRDA:350,44,0,0
BRDA:350,44,1,0
BRDA:372,45,0,0
BRDA:373,46,0,0
BRDA:374,47,0,0
BRDA:375,48,0,0
BRDA:407,49,0,0
BRDA:407,49,1,0
BRF:87
BRH:0
end_of_record
TN:
SF:src/components/ui/DataTable.tsx
FN:47,DataTable
FN:63,(anonymous_1)
FN:72,(anonymous_2)
FN:76,(anonymous_3)
FN:80,(anonymous_4)
FN:95,(anonymous_5)
FN:96,(anonymous_6)
FN:104,(anonymous_7)
FN:120,(anonymous_8)
FN:149,(anonymous_9)
FN:157,(anonymous_10)
FN:200,(anonymous_11)
FN:206,(anonymous_12)
FN:218,(anonymous_13)
FN:219,(anonymous_14)
FN:224,(anonymous_15)
FN:232,(anonymous_16)
FN:253,(anonymous_17)
FN:258,(anonymous_18)
FN:258,(anonymous_19)
FN:263,(anonymous_20)
FN:271,(anonymous_21)
FN:285,(anonymous_22)
FN:336,(anonymous_23)
FN:347,(anonymous_24)
FN:366,(anonymous_25)
FN:383,(anonymous_26)
FN:394,(anonymous_27)
FN:404,(anonymous_28)
FN:405,(anonymous_29)
FN:415,(anonymous_30)
FN:421,(anonymous_31)
FN:427,(anonymous_32)
FN:433,(anonymous_33)
FN:442,(anonymous_34)
FNF:35
FNH:0
FNDA:0,DataTable
FNDA:0,(anonymous_1)
FNDA:0,(anonymous_2)
FNDA:0,(anonymous_3)
FNDA:0,(anonymous_4)
FNDA:0,(anonymous_5)
FNDA:0,(anonymous_6)
FNDA:0,(anonymous_7)
FNDA:0,(anonymous_8)
FNDA:0,(anonymous_9)
FNDA:0,(anonymous_10)
FNDA:0,(anonymous_11)
FNDA:0,(anonymous_12)
FNDA:0,(anonymous_13)
FNDA:0,(anonymous_14)
FNDA:0,(anonymous_15)
FNDA:0,(anonymous_16)
FNDA:0,(anonymous_17)
FNDA:0,(anonymous_18)
FNDA:0,(anonymous_19)
FNDA:0,(anonymous_20)
FNDA:0,(anonymous_21)
FNDA:0,(anonymous_22)
FNDA:0,(anonymous_23)
FNDA:0,(anonymous_24)
FNDA:0,(anonymous_25)
FNDA:0,(anonymous_26)
FNDA:0,(anonymous_27)
FNDA:0,(anonymous_28)
FNDA:0,(anonymous_29)
FNDA:0,(anonymous_30)
FNDA:0,(anonymous_31)
FNDA:0,(anonymous_32)
FNDA:0,(anonymous_33)
FNDA:0,(anonymous_34)
DA:1,0
DA:2,0
DA:3,0
DA:16,0
DA:17,0
DA:18,0
DA:47,0
DA:58,0
DA:59,0
DA:60,0
DA:61,0
DA:63,0
DA:64,0
DA:65,0
DA:67,0
DA:68,0
DA:72,0
DA:73,0
DA:74,0
DA:76,0
DA:80,0
DA:81,0
DA:82,0
DA:83,0
DA:85,0
DA:87,0
DA:91,0
DA:94,0
DA:95,0
DA:96,0
DA:97,0
DA:103,0
DA:104,0
DA:105,0
DA:106,0
DA:107,0
DA:108,0
DA:112,0
DA:120,0
DA:150,0
DA:157,0
DA:201,0
DA:206,0
DA:218,0
DA:219,0
DA:225,0
DA:232,0
DA:253,0
DA:258,0
DA:259,0
DA:263,0
DA:271,0
DA:285,0
DA:299,0
DA:329,0
DA:331,0
DA:337,0
DA:348,0
DA:354,0
DA:360,0
DA:367,0
DA:384,0
DA:394,0
DA:398,0
DA:404,0
DA:406,0
DA:415,0
DA:421,0
DA:427,0
DA:433,0
DA:442,0
LF:71
LH:0
BRDA:54,0,0,0
BRDA:64,1,0,0
BRDA:64,1,1,0
BRDA:65,2,0,0
BRDA:65,2,1,0
BRDA:73,3,0,0
BRDA:73,3,1,0
BRDA:82,4,0,0
BRDA:82,4,1,0
BRDA:94,5,0,0
BRDA:103,6,0,0
BRDA:107,7,0,0
BRDA:107,7,1,0
BRDA:108,8,0,0
BRDA:108,8,1,0
BRDA:139,9,0,0
BRDA:139,9,1,0
BRDA:143,10,0,0
BRDA:143,10,1,0
BRDA:154,11,0,0
BRDA:154,11,1,0
BRDA:157,12,0,0
BRDA:157,12,1,0
BRDA:161,13,0,0
BRDA:161,13,1,0
BRDA:163,14,0,0
BRDA:163,14,1,0
BRDA:164,15,0,0
BRDA:164,15,1,0
BRDA:173,16,0,0
BRDA:173,16,1,0
BRDA:181,17,0,0
BRDA:181,17,1,0
BRDA:183,18,0,0
BRDA:183,18,1,0
BRDA:183,19,0,0
BRDA:183,19,1,0
BRDA:189,20,0,0
BRDA:189,20,1,0
BRDA:191,21,0,0
BRDA:191,21,1,0
BRDA:191,22,0,0
BRDA:191,22,1,0
BRDA:192,23,0,0
BRDA:192,23,1,0
BRDA:209,24,0,0
BRDA:209,24,1,0
BRDA:210,25,0,0
BRDA:210,25,1,0
BRDA:213,26,0,0
BRDA:213,26,1,0
BRDA:226,27,0,0
BRDA:226,27,1,0
BRDA:231,28,0,0
BRDA:231,28,1,0
BRDA:244,29,0,0
BRDA:244,29,1,0
BRDA:261,30,0,0
BRDA:261,30,1,0
BRF:59
BRH:0
end_of_record
TN:
SF:src/components/ui/Form.tsx
FN:14,(anonymous_0)
FN:17,(anonymous_1)
FN:46,(anonymous_2)
FN:103,(anonymous_3)
FN:116,(anonymous_4)
FN:138,(anonymous_5)
FN:165,(anonymous_6)
FN:211,(anonymous_7)
FN:222,(anonymous_8)
FN:232,(anonymous_9)
FN:263,(anonymous_10)
FN:275,(anonymous_11)
FN:278,(anonymous_12)
FN:291,(anonymous_13)
FN:292,(anonymous_14)
FN:306,(anonymous_15)
FN:310,(anonymous_16)
FN:311,(anonymous_17)
FN:316,(anonymous_18)
FN:323,(anonymous_19)
FN:339,(anonymous_20)
FN:361,(anonymous_21)
FN:387,(anonymous_22)
FN:401,(anonymous_23)
FN:445,(anonymous_24)
FN:477,(anonymous_25)
FNF:26
FNH:0
FNDA:0,(anonymous_0)
FNDA:0,(anonymous_1)
FNDA:0,(anonymous_2)
FNDA:0,(anonymous_3)
FNDA:0,(anonymous_4)
FNDA:0,(anonymous_5)
FNDA:0,(anonymous_6)
FNDA:0,(anonymous_7)
FNDA:0,(anonymous_8)
FNDA:0,(anonymous_9)
FNDA:0,(anonymous_10)
FNDA:0,(anonymous_11)
FNDA:0,(anonymous_12)
FNDA:0,(anonymous_13)
FNDA:0,(anonymous_14)
FNDA:0,(anonymous_15)
FNDA:0,(anonymous_16)
FNDA:0,(anonymous_17)
FNDA:0,(anonymous_18)
FNDA:0,(anonymous_19)
FNDA:0,(anonymous_20)
FNDA:0,(anonymous_21)
FNDA:0,(anonymous_22)
FNDA:0,(anonymous_23)
FNDA:0,(anonymous_24)
FNDA:0,(anonymous_25)
DA:1,0
DA:2,0
DA:3,0
DA:5,0
DA:14,0
DA:15,0
DA:17,0
DA:18,0
DA:19,0
DA:20,0
DA:21,0
DA:23,0
DA:27,0
DA:46,0
DA:53,0
DA:102,0
DA:104,0
DA:117,0
DA:127,0
DA:137,0
DA:139,0
DA:155,0
DA:164,0
DA:166,0
DA:192,0
DA:211,0
DA:219,0
DA:223,0
DA:232,0
DA:263,0
DA:271,0
DA:272,0
DA:273,0
DA:275,0
DA:276,0
DA:278,0
DA:279,0
DA:280,0
DA:281,0
DA:283,0
DA:286,0
DA:287,0
DA:288,0
DA:291,0
DA:292,0
DA:293,0
DA:294,0
DA:297,0
DA:307,0
DA:308,0
DA:310,0
DA:312,0
DA:313,0
DA:314,0
DA:316,0
DA:323,0
DA:340,0
DA:362,0
DA:363,0
DA:387,0
DA:394,0
DA:401,0
DA:445,0
DA:454,0
DA:456,0
DA:477,0
LF:66
LH:0
BRDA:55,0,0,0
BRDA:55,0,1,0
BRDA:58,1,0,0
BRDA:58,1,1,0
BRDA:63,2,0,0
BRDA:63,2,1,0
BRDA:74,3,0,0
BRDA:74,3,1,0
BRDA:74,3,2,0
BRDA:110,4,0,0
BRDA:110,4,1,0
BRDA:115,5,0,0
BRDA:115,5,1,0
BRDA:145,6,0,0
BRDA:145,6,1,0
BRDA:181,7,0,0
BRDA:181,7,1,0
BRDA:239,8,0,0
BRDA:239,8,1,0
BRDA:268,9,0,0
BRDA:276,10,0,0
BRDA:279,11,0,0
BRDA:286,12,0,0
BRDA:286,12,1,0
BRDA:302,13,0,0
BRDA:302,13,1,0
BRDA:332,14,0,0
BRDA:332,14,1,0
BRDA:337,15,0,0
BRDA:337,15,1,0
BRDA:388,16,0,0
BRDA:392,17,0,0
BRDA:401,18,0,0
BRDA:401,18,1,0
BRDA:404,19,0,0
BRDA:404,19,1,0
BRDA:405,20,0,0
BRDA:405,20,1,0
BRDA:411,21,0,0
BRDA:411,21,1,0
BRDA:415,22,0,0
BRDA:415,22,1,0
BRDA:415,22,2,0
BRDA:417,23,0,0
BRDA:417,23,1,0
BRDA:422,24,0,0
BRDA:422,24,1,0
BRDA:446,25,0,0
BRDA:447,26,0,0
BRDA:448,27,0,0
BRDA:449,28,0,0
BRDA:452,29,0,0
BRDA:458,30,0,0
BRDA:458,30,1,0
BRDA:463,31,0,0
BRDA:463,31,1,0
BRF:56
BRH:0
end_of_record
TN:
SF:src/components/ui/Navigation.tsx
FN:30,(anonymous_0)
FN:41,(anonymous_1)
FN:73,(anonymous_2)
FN:106,(anonymous_3)
FN:110,(anonymous_4)
FN:136,(anonymous_5)
FN:142,(anonymous_6)
FN:148,(anonymous_7)
FN:177,(anonymous_8)
FN:236,(anonymous_9)
FN:237,(anonymous_10)
FN:238,(anonymous_11)
FN:242,(anonymous_12)
FN:254,(anonymous_13)
FN:262,(anonymous_14)
FN:269,(anonymous_15)
FN:289,(anonymous_16)
FN:308,(anonymous_17)
FN:364,(anonymous_18)
FN:391,(anonymous_19)
FN:395,(anonymous_20)
FN:425,(anonymous_21)
FNF:22
FNH:0
FNDA:0,(anonymous_0)
FNDA:0,(anonymous_1)
FNDA:0,(anonymous_2)
FNDA:0,(anonymous_3)
FNDA:0,(anonymous_4)
FNDA:0,(anonymous_5)
FNDA:0,(anonymous_6)
FNDA:0,(anonymous_7)
FNDA:0,(anonymous_8)
FNDA:0,(anonymous_9)
FNDA:0,(anonymous_10)
FNDA:0,(anonymous_11)
FNDA:0,(anonymous_12)
FNDA:0,(anonymous_13)
FNDA:0,(anonymous_14)
FNDA:0,(anonymous_15)
FNDA:0,(anonymous_16)
FNDA:0,(anonymous_17)
FNDA:0,(anonymous_18)
FNDA:0,(anonymous_19)
FNDA:0,(anonymous_20)
FNDA:0,(anonymous_21)
DA:1,0
DA:2,0
DA:3,0
DA:22,0
DA:23,0
DA:24,0
DA:25,0
DA:26,0
DA:30,0
DA:31,0
DA:32,0
DA:33,0
DA:35,0
DA:41,0
DA:43,0
DA:73,0
DA:106,0
DA:110,0
DA:136,0
DA:142,0
DA:148,0
DA:177,0
DA:178,0
DA:179,0
DA:180,0
DA:182,0
DA:236,0
DA:237,0
DA:238,0
DA:242,0
DA:244,0
DA:254,0
DA:263,0
DA:269,0
DA:289,0
DA:302,0
DA:304,0
DA:309,0
DA:310,0
DA:311,0
DA:365,0
DA:391,0
DA:392,0
DA:396,0
DA:425,0
DA:426,0
LF:46
LH:0
BRDA:89,0,0,0
BRDA:89,0,1,0
BRDA:101,1,0,0
BRDA:101,1,1,0
BRDA:109,2,0,0
BRDA:109,2,1,0
BRDA:238,3,0,0
BRDA:238,3,1,0
BRDA:247,4,0,0
BRDA:247,4,1,0
BRDA:257,5,0,0
BRDA:257,5,1,0
BRDA:276,6,0,0
BRDA:276,6,1,0
BRDA:302,7,0,0
BRDA:302,7,1,0
BRDA:309,8,0,0
BRDA:316,9,0,0
BRDA:316,9,1,0
BRDA:323,10,0,0
BRDA:323,10,1,0
BRDA:328,11,0,0
BRDA:328,11,1,0
BRDA:331,12,0,0
BRDA:331,12,1,0
BRDA:332,13,0,0
BRDA:332,13,1,0
BRDA:336,14,0,0
BRDA:336,14,1,0
BRDA:340,15,0,0
BRDA:340,15,1,0
BRDA:347,16,0,0
BRDA:347,16,1,0
BRDA:357,17,0,0
BRDA:357,17,1,0
BRDA:357,17,2,0
BRDA:357,17,3,0
BRDA:398,18,0,0
BRDA:398,18,1,0
BRDA:428,19,0,0
BRDA:428,19,1,0
BRDA:438,20,0,0
BRDA:438,20,1,0
BRDA:444,21,0,0
BRDA:444,21,1,0
BRF:45
BRH:0
end_of_record
TN:
SF:src/components/ui/Overlays.tsx
FN:17,(anonymous_0)
FN:33,(anonymous_1)
FN:39,(anonymous_2)
FN:68,(anonymous_3)
FN:117,(anonymous_4)
FN:214,(anonymous_5)
FN:217,(anonymous_6)
FN:226,(anonymous_7)
FN:229,(anonymous_8)
FN:304,(anonymous_9)
FN:307,(anonymous_10)
FN:309,(anonymous_11)
FN:310,(anonymous_12)
FN:313,(anonymous_13)
FN:319,(anonymous_14)
FN:328,(anonymous_15)
FN:390,(anonymous_16)
FN:401,(anonymous_17)
FN:402,(anonymous_18)
FN:409,(anonymous_19)
FN:414,(anonymous_20)
FN:430,(anonymous_21)
FN:433,(anonymous_22)
FN:475,(anonymous_23)
FN:479,(anonymous_24)
FN:487,(anonymous_25)
FN:488,(anonymous_26)
FN:489,(anonymous_27)
FN:493,(anonymous_28)
FN:551,(anonymous_29)
FNF:30
FNH:0
FNDA:0,(anonymous_0)
FNDA:0,(anonymous_1)
FNDA:0,(anonymous_2)
FNDA:0,(anonymous_3)
FNDA:0,(anonymous_4)
FNDA:0,(anonymous_5)
FNDA:0,(anonymous_6)
FNDA:0,(anonymous_7)
FNDA:0,(anonymous_8)
FNDA:0,(anonymous_9)
FNDA:0,(anonymous_10)
FNDA:0,(anonymous_11)
FNDA:0,(anonymous_12)
FNDA:0,(anonymous_13)
FNDA:0,(anonymous_14)
FNDA:0,(anonymous_15)
FNDA:0,(anonymous_16)
FNDA:0,(anonymous_17)
FNDA:0,(anonymous_18)
FNDA:0,(anonymous_19)
FNDA:0,(anonymous_20)
FNDA:0,(anonymous_21)
FNDA:0,(anonymous_22)
FNDA:0,(anonymous_23)
FNDA:0,(anonymous_24)
FNDA:0,(anonymous_25)
FNDA:0,(anonymous_26)
FNDA:0,(anonymous_27)
FNDA:0,(anonymous_28)
FNDA:0,(anonymous_29)
DA:1,0
DA:2,0
DA:3,0
DA:17,0
DA:25,0
DA:33,0
DA:34,0
DA:35,0
DA:37,0
DA:39,0
DA:40,0
DA:44,0
DA:68,0
DA:117,0
DA:125,0
DA:131,0
DA:138,0
DA:145,0
DA:214,0
DA:215,0
DA:217,0
DA:219,0
DA:227,0
DA:229,0
DA:304,0
DA:305,0
DA:307,0
DA:308,0
DA:309,0
DA:310,0
DA:313,0
DA:317,0
DA:320,0
DA:322,0
DA:328,0
DA:390,0
DA:391,0
DA:392,0
DA:394,0
DA:401,0
DA:402,0
DA:403,0
DA:404,0
DA:408,0
DA:409,0
DA:412,0
DA:414,0
DA:431,0
DA:434,0
DA:435,0
DA:436,0
DA:475,0
DA:476,0
DA:480,0
DA:487,0
DA:488,0
DA:489,0
DA:490,0
DA:493,0
DA:496,0
DA:523,0
DA:525,0
DA:551,0
LF:63
LH:0
BRDA:22,0,0,0
BRDA:34,1,0,0
BRDA:34,1,1,0
BRDA:46,2,0,0
BRDA:46,2,1,0
BRDA:71,3,0,0
BRDA:71,3,1,0
BRDA:93,4,0,0
BRDA:93,4,1,0
BRDA:122,5,0,0
BRDA:123,6,0,0
BRDA:126,7,0,0
BRDA:126,7,1,0
BRDA:126,8,0,0
BRDA:126,8,1,0
BRDA:127,9,0,0
BRDA:127,9,1,0
BRDA:127,10,0,0
BRDA:127,10,1,0
BRDA:128,11,0,0
BRDA:128,11,1,0
BRDA:128,12,0,0
BRDA:128,12,1,0
BRDA:147,13,0,0
BRDA:147,13,1,0
BRDA:171,14,0,0
BRDA:171,14,1,0
BRDA:214,15,0,0
BRDA:215,16,0,0
BRDA:215,16,1,0
BRDA:224,17,0,0
BRDA:224,17,1,0
BRDA:233,18,0,0
BRDA:233,18,1,0
BRDA:235,19,0,0
BRDA:235,19,1,0
BRDA:240,20,0,0
BRDA:240,20,1,0
BRDA:242,21,0,0
BRDA:242,21,1,0
BRDA:247,22,0,0
BRDA:247,22,1,0
BRDA:249,23,0,0
BRDA:249,23,1,0
BRDA:257,24,0,0
BRDA:257,24,1,0
BRDA:257,24,2,0
BRDA:260,25,0,0
BRDA:260,25,1,0
BRDA:304,26,0,0
BRDA:304,27,0,0
BRDA:308,28,0,0
BRDA:308,28,1,0
BRDA:310,29,0,0
BRDA:310,29,1,0
BRDA:313,30,0,0
BRDA:313,30,1,0
BRDA:332,31,0,0
BRDA:332,31,1,0
BRDA:340,32,0,0
BRDA:340,32,1,0
BRDA:352,33,0,0
BRDA:352,33,1,0
BRDA:390,34,0,0
BRDA:403,35,0,0
BRDA:403,36,0,0
BRDA:403,36,1,0
BRDA:419,37,0,0
BRDA:419,37,1,0
BRDA:434,38,0,0
BRDA:434,39,0,0
BRDA:434,39,1,0
BRDA:442,40,0,0
BRDA:442,40,1,0
BRDA:444,41,0,0
BRDA:444,41,1,0
BRDA:449,42,0,0
BRDA:449,42,1,0
BRDA:491,43,0,0
BRDA:491,43,1,0
BRDA:544,44,0,0
BRDA:544,44,1,0
BRF:82
BRH:0
end_of_record
TN:
SF:src/contexts/OnboardingContext.tsx
FN:127,OnboardingProvider
FN:131,(anonymous_1)
FN:136,(anonymous_2)
FN:139,(anonymous_3)
FN:142,(anonymous_4)
FN:146,(anonymous_5)
FN:155,(anonymous_6)
FN:159,(anonymous_7)
FN:165,(anonymous_8)
FN:167,(anonymous_9)
FN:171,(anonymous_10)
FN:177,(anonymous_11)
FN:185,(anonymous_12)
FN:214,useOnboarding
FNF:14
FNH:0
FNDA:0,OnboardingProvider
FNDA:0,(anonymous_1)
FNDA:0,(anonymous_2)
FNDA:0,(anonymous_3)
FNDA:0,(anonymous_4)
FNDA:0,(anonymous_5)
FNDA:0,(anonymous_6)
FNDA:0,(anonymous_7)
FNDA:0,(anonymous_8)
FNDA:0,(anonymous_9)
FNDA:0,(anonymous_10)
FNDA:0,(anonymous_11)
FNDA:0,(anonymous_12)
FNDA:0,useOnboarding
DA:6,0
DA:40,0
DA:124,0
DA:127,0
DA:128,0
DA:129,0
DA:130,0
DA:131,0
DA:132,0
DA:136,0
DA:137,0
DA:139,0
DA:140,0
DA:142,0
DA:146,0
DA:147,0
DA:148,0
DA:149,0
DA:150,0
DA:151,0
DA:155,0
DA:156,0
DA:158,0
DA:159,0
DA:161,0
DA:165,0
DA:166,0
DA:167,0
DA:171,0
DA:172,0
DA:173,0
DA:174,0
DA:177,0
DA:178,0
DA:179,0
DA:180,0
DA:181,0
DA:182,0
DA:185,0
DA:186,0
DA:187,0
DA:190,0
DA:192,0
DA:214,0
DA:215,0
DA:216,0
DA:217,0
DA:219,0
LF:48
LH:0
BRDA:137,0,0,0
BRDA:137,1,0,0
BRDA:137,1,1,0
BRDA:148,2,0,0
BRDA:156,3,0,0
BRDA:158,4,0,0
BRDA:158,4,1,0
BRDA:166,5,0,0
BRDA:190,6,0,0
BRDA:190,6,1,0
BRDA:216,7,0,0
BRF:11
BRH:0
end_of_record
TN:
SF:src/contexts/ThemeContext.tsx
FN:59,ThemeProvider
FN:60,(anonymous_1)
FN:79,(anonymous_2)
FN:82,(anonymous_3)
FN:95,(anonymous_4)
FN:99,(anonymous_5)
FN:114,(anonymous_6)
FN:122,(anonymous_7)
FN:123,(anonymous_8)
FN:126,(anonymous_9)
FN:127,(anonymous_10)
FN:133,(anonymous_11)
FN:156,useTheme
FNF:13
FNH:0
FNDA:0,ThemeProvider
FNDA:0,(anonymous_1)
FNDA:0,(anonymous_2)
FNDA:0,(anonymous_3)
FNDA:0,(anonymous_4)
FNDA:0,(anonymous_5)
FNDA:0,(anonymous_6)
FNDA:0,(anonymous_7)
FNDA:0,(anonymous_8)
FNDA:0,(anonymous_9)
FNDA:0,(anonymous_10)
FNDA:0,(anonymous_11)
FNDA:0,useTheme
DA:6,0
DA:35,0
DA:45,0
DA:56,0
DA:59,0
DA:60,0
DA:62,0
DA:63,0
DA:64,0
DA:65,0
DA:70,0
DA:76,0
DA:79,0
DA:80,0
DA:82,0
DA:83,0
DA:84,0
DA:86,0
DA:90,0
DA:93,0
DA:95,0
DA:99,0
DA:100,0
DA:103,0
DA:104,0
DA:106,0
DA:110,0
DA:114,0
DA:115,0
DA:119,0
DA:122,0
DA:123,0
DA:126,0
DA:127,0
DA:133,0
DA:134,0
DA:140,0
DA:156,0
DA:157,0
DA:158,0
DA:159,0
DA:161,0
LF:42
LH:0
BRDA:63,0,0,0
BRDA:83,1,0,0
BRDA:83,1,1,0
BRDA:84,2,0,0
BRDA:84,2,1,0
BRDA:103,3,0,0
BRDA:103,3,1,0
BRDA:110,4,0,0
BRDA:110,4,1,0
BRDA:158,5,0,0
BRF:10
BRH:0
end_of_record
TN:
SF:src/hooks/useInvestigationWebSocket.tsx
FN:78,useInvestigationWebSocket
FN:105,(anonymous_1)
FN:109,(anonymous_2)
FN:120,(anonymous_3)
FN:127,(anonymous_4)
FN:133,(anonymous_5)
FN:140,(anonymous_6)
FN:145,(anonymous_7)
FN:164,(anonymous_8)
FN:184,(anonymous_9)
FN:258,(anonymous_10)
FN:266,(anonymous_11)
FN:269,(anonymous_12)
FN:296,InvestigationMonitor
FN:354,(anonymous_14)
FN:376,getNotificationIcon
FNF:16
FNH:0
FNDA:0,useInvestigationWebSocket
FNDA:0,(anonymous_1)
FNDA:0,(anonymous_2)
FNDA:0,(anonymous_3)
FNDA:0,(anonymous_4)
FNDA:0,(anonymous_5)
FNDA:0,(anonymous_6)
FNDA:0,(anonymous_7)
FNDA:0,(anonymous_8)
FNDA:0,(anonymous_9)
FNDA:0,(anonymous_10)
FNDA:0,(anonymous_11)
FNDA:0,(anonymous_12)
FNDA:0,InvestigationMonitor
FNDA:0,(anonymous_14)
FNDA:0,getNotificationIcon
DA:25,0
DA:26,0
DA:67,0
DA:78,0
DA:92,0
DA:94,0
DA:95,0
DA:96,0
DA:97,0
DA:98,0
DA:100,0
DA:101,0
DA:102,0
DA:103,0
DA:105,0
DA:106,0
DA:107,0
DA:109,0
DA:110,0
DA:111,0
DA:112,0
DA:113,0
DA:115,0
DA:116,0
DA:120,0
DA:121,0
DA:122,0
DA:127,0
DA:128,0
DA:130,0
DA:133,0
DA:134,0
DA:137,0
DA:140,0
DA:141,0
DA:142,0
DA:145,0
DA:146,0
DA:147,0
DA:150,0
DA:151,0
DA:152,0
DA:156,0
DA:157,0
DA:158,0
DA:160,0
DA:164,0
DA:165,0
DA:167,0
DA:168,0
DA:169,0
DA:171,0
DA:172,0
DA:177,0
DA:179,0
DA:180,0
DA:184,0
DA:185,0
DA:188,0
DA:191,0
DA:192,0
DA:196,0
DA:199,0
DA:200,0
DA:204,0
DA:207,0
DA:208,0
DA:213,0
DA:216,0
DA:217,0
DA:222,0
DA:225,0
DA:239,0
DA:242,0
DA:243,0
DA:247,0
DA:250,0
DA:251,0
DA:252,0
DA:254,0
DA:258,0
DA:259,0
DA:260,0
DA:262,0
DA:263,0
DA:266,0
DA:267,0
DA:269,0
DA:271,0
DA:272,0
DA:274,0
DA:275,0
DA:277,0
DA:278,0
DA:283,0
DA:296,0
DA:297,0
DA:301,0
DA:355,0
DA:377,0
DA:387,0
LF:101
LH:0
BRDA:88,0,0,0
BRDA:89,1,0,0
BRDA:90,2,0,0
BRDA:91,3,0,0
BRDA:92,4,0,0
BRDA:92,4,1,0
BRDA:115,5,0,0
BRDA:121,6,0,0
BRDA:150,7,0,0
BRDA:156,8,0,0
BRDA:156,8,1,0
BRDA:156,9,0,0
BRDA:156,9,1,0
BRDA:167,10,0,0
BRDA:171,11,0,0
BRDA:185,12,0,0
BRDA:185,12,1,0
BRDA:185,12,2,0
BRDA:185,12,3,0
BRDA:185,12,4,0
BRDA:185,12,5,0
BRDA:185,12,6,0
BRDA:185,12,7,0
BRDA:191,13,0,0
BRDA:199,14,0,0
BRDA:207,15,0,0
BRDA:216,16,0,0
BRDA:226,17,0,0
BRDA:226,17,1,0
BRDA:227,18,0,0
BRDA:227,18,1,0
BRDA:228,19,0,0
BRDA:228,19,1,0
BRDA:229,20,0,0
BRDA:229,20,1,0
BRDA:231,21,0,0
BRDA:231,21,1,0
BRDA:232,22,0,0
BRDA:232,22,1,0
BRDA:233,23,0,0
BRDA:233,23,1,0
BRDA:234,24,0,0
BRDA:234,24,1,0
BRDA:235,25,0,0
BRDA:235,25,1,0
BRDA:242,26,0,0
BRDA:243,27,0,0
BRDA:243,27,1,0
BRDA:250,28,0,0
BRDA:251,29,0,0
BRDA:251,29,1,0
BRDA:252,30,0,0
BRDA:252,30,1,0
BRDA:259,31,0,0
BRDA:271,32,0,0
BRDA:274,33,0,0
BRDA:277,34,0,0
BRDA:308,35,0,0
BRDA:308,35,1,0
BRDA:312,36,0,0
BRDA:312,36,1,0
BRDA:315,37,0,0
BRDA:315,37,1,0
BRDA:361,38,0,0
BRDA:361,38,1,0
BRDA:387,39,0,0
BRDA:387,39,1,0
BRF:67
BRH:0
end_of_record
TN:
SF:src/lib/axios.ts
FN:15,(anonymous_0)
FN:22,(anonymous_1)
FN:27,(anonymous_2)
FN:28,(anonymous_3)
FNF:4
FNH:0
FNDA:0,(anonymous_0)
FNDA:0,(anonymous_1)
FNDA:0,(anonymous_2)
FNDA:0,(anonymous_3)
DA:1,0
DA:2,0
DA:4,0
DA:6,0
DA:14,0
DA:16,0
DA:17,0
DA:18,0
DA:20,0
DA:22,0
DA:26,0
DA:27,0
DA:29,0
DA:30,0
DA:31,0
DA:33,0
LF:16
LH:0
BRDA:4,0,0,0
BRDA:4,0,1,0
BRDA:17,1,0,0
BRDA:29,2,0,0
BRF:4
BRH:0
end_of_record
TN:
SF:src/lib/design-system.ts
FNF:0
FNH:0
DA:6,0
DA:372,0
LF:2
LH:0
BRF:0
BRH:0
end_of_record
TN:
SF:src/lib/utils.ts
FN:4,cn
FN:8,formatCPFCNPJ
FN:27,formatDate
FN:35,formatDateTime
FN:45,formatNumber
FN:52,formatCurrency
FNF:6
FNH:6
FNDA:8,cn
FNDA:5,formatCPFCNPJ
FNDA:2,formatDate
FNDA:1,formatDateTime
FNDA:4,formatNumber
FNDA:3,formatCurrency
DA:1,2
DA:2,2
DA:4,2
DA:5,8
DA:8,2
DA:9,5
DA:11,5
DA:13,3
DA:19,2
DA:27,2
DA:28,2
DA:35,2
DA:36,1
DA:45,2
DA:46,4
DA:52,2
DA:53,3
LF:17
LH:17
BRDA:11,0,0,3
BRDA:11,0,1,2
BRDA:45,1,0,3
BRF:3
BRH:3
end_of_record
TN:
SF:src/pages/Dashboard.tsx
FN:53,(anonymous_0)
FN:213,(anonymous_1)
FN:263,(anonymous_2)
FN:272,(anonymous_3)
FN:281,(anonymous_4)
FN:290,(anonymous_5)
FN:302,(anonymous_6)
FN:358,(anonymous_7)
FN:379,(anonymous_8)
FN:387,(anonymous_9)
FNF:10
FNH:0
FNDA:0,(anonymous_0)
FNDA:0,(anonymous_1)
FNDA:0,(anonymous_2)
FNDA:0,(anonymous_3)
FNDA:0,(anonymous_4)
FNDA:0,(anonymous_5)
FNDA:0,(anonymous_6)
FNDA:0,(anonymous_7)
FNDA:0,(anonymous_8)
FNDA:0,(anonymous_9)
DA:1,0
DA:2,0
DA:3,0
DA:18,0
DA:23,0
DA:30,0
DA:32,0
DA:53,0
DA:54,0
DA:214,0
DA:263,0
DA:272,0
DA:281,0
DA:290,0
DA:302,0
DA:303,0
DA:312,0
DA:358,0
DA:359,0
DA:366,0
DA:380,0
DA:388,0
DA:408,0
LF:23
LH:0
BRDA:239,0,0,0
BRDA:239,0,1,0
BRDA:239,1,0,0
BRDA:239,1,1,0
BRDA:242,2,0,0
BRDA:242,2,1,0
BRDA:242,3,0,0
BRDA:242,3,1,0
BRF:8
BRH:0
end_of_record
TN:
SF:src/pages/DashboardPage.tsx
FN:6,DashboardPage
FN:9,(anonymous_1)
FN:15,(anonymous_2)
FN:21,(anonymous_3)
FN:27,(anonymous_4)
FN:53,(anonymous_5)
FN:94,(anonymous_6)
FNF:7
FNH:7
FNDA:10,DashboardPage
FNDA:7,(anonymous_1)
FNDA:3,(anonymous_2)
FNDA:3,(anonymous_3)
FNDA:3,(anonymous_4)
FNDA:30,(anonymous_5)
FNDA:3,(anonymous_6)
DA:1,1
DA:2,1
DA:3,1
DA:4,1
DA:6,1
DA:7,10
DA:9,7
DA:12,10
DA:15,3
DA:21,3
DA:27,3
DA:33,10
DA:54,30
DA:95,3
LF:14
LH:14
BRDA:15,0,0,10
BRDA:15,0,1,9
BRDA:21,1,0,10
BRDA:21,1,1,9
BRDA:27,2,0,10
BRDA:27,2,1,9
BRDA:86,3,0,7
BRDA:86,3,1,3
BRDA:88,4,0,1
BRDA:88,4,1,2
BRDA:107,5,0,3
BRDA:107,5,1,2
BRDA:113,6,0,2
BRDA:113,6,1,1
BRDA:115,7,0,1
BRDA:115,7,1,0
BRDA:117,8,0,0
BRDA:117,8,1,0
BRDA:122,9,0,2
BRDA:122,9,1,1
BRDA:124,10,0,1
BRDA:124,10,1,0
BRDA:126,11,0,0
BRDA:126,11,1,0
BRF:24
BRH:18
end_of_record
TN:
SF:src/pages/InvestigationDetailPage.tsx
FN:7,InvestigationDetailPage
FN:13,(anonymous_1)
FN:18,(anonymous_2)
FN:24,(anonymous_3)
FN:30,(anonymous_4)
FN:45,(anonymous_5)
FN:173,(anonymous_6)
FN:225,(anonymous_7)
FNF:8
FNH:0
FNDA:0,InvestigationDetailPage
FNDA:0,(anonymous_1)
FNDA:0,(anonymous_2)
FNDA:0,(anonymous_3)
FNDA:0,(anonymous_4)
FNDA:0,(anonymous_5)
FNDA:0,(anonymous_6)
FNDA:0,(anonymous_7)
DA:1,0
DA:2,0
DA:3,0
DA:4,0
DA:5,0
DA:7,0
DA:8,0
DA:9,0
DA:11,0
DA:13,0
DA:16,0
DA:18,0
DA:22,0
DA:24,0
DA:28,0
DA:30,0
DA:34,0
DA:35,0
DA:38,0
DA:39,0
DA:42,0
DA:45,0
DA:174,0
DA:226,0
LF:24
LH:0
BRDA:34,0,0,0
BRDA:38,1,0,0
BRDA:56,2,0,0
BRDA:56,2,1,0
BRDA:66,3,0,0
BRDA:66,3,1,0
BRDA:68,4,0,0
BRDA:68,4,1,0
BRDA:70,5,0,0
BRDA:70,5,1,0
BRDA:75,6,0,0
BRDA:75,6,1,0
BRDA:77,7,0,0
BRDA:77,7,1,0
BRDA:79,8,0,0
BRDA:79,8,1,0
BRDA:86,9,0,0
BRDA:86,9,1,0
BRDA:98,10,0,0
BRDA:98,10,1,0
BRDA:167,11,0,0
BRDA:167,11,1,0
BRDA:167,11,2,0
BRDA:176,12,0,0
BRDA:176,12,1,0
BRDA:179,13,0,0
BRDA:179,13,1,0
BRDA:185,14,0,0
BRDA:185,14,1,0
BRDA:193,15,0,0
BRDA:193,15,1,0
BRDA:201,16,0,0
BRDA:201,16,1,0
BRDA:219,17,0,0
BRDA:219,17,1,0
BRDA:219,17,2,0
BRDA:228,18,0,0
BRDA:228,18,1,0
BRDA:235,19,0,0
BRDA:235,19,1,0
BRDA:241,20,0,0
BRDA:241,20,1,0
BRDA:249,21,0,0
BRDA:249,21,1,0
BRF:44
BRH:0
end_of_record
TN:
SF:src/pages/InvestigationDetails.tsx
FN:37,InvestigationDetailsPage
FN:54,(anonymous_1)
FN:58,(anonymous_2)
FN:66,(anonymous_3)
FN:83,(anonymous_4)
FN:94,(anonymous_5)
FN:156,(anonymous_6)
FN:165,(anonymous_7)
FN:213,(anonymous_8)
FN:216,(anonymous_9)
FN:273,StatusBadge
FN:296,OverviewTab
FN:324,StatCard
FN:345,PropertiesTab
FN:349,CompaniesTab
FN:353,DocumentsTab
FN:357,MapTab
FN:368,TimelineTab
FN:372,ExportTab
FN:376,(anonymous_19)
FN:393,(anonymous_20)
FNF:21
FNH:0
FNDA:0,InvestigationDetailsPage
FNDA:0,(anonymous_1)
FNDA:0,(anonymous_2)
FNDA:0,(anonymous_3)
FNDA:0,(anonymous_4)
FNDA:0,(anonymous_5)
FNDA:0,(anonymous_6)
FNDA:0,(anonymous_7)
FNDA:0,(anonymous_8)
FNDA:0,(anonymous_9)
FNDA:0,StatusBadge
FNDA:0,OverviewTab
FNDA:0,StatCard
FNDA:0,PropertiesTab
FNDA:0,CompaniesTab
FNDA:0,DocumentsTab
FNDA:0,MapTab
FNDA:0,TimelineTab
FNDA:0,ExportTab
FNDA:0,(anonymous_19)
FNDA:0,(anonymous_20)
DA:6,0
DA:7,0
DA:8,0
DA:9,0
DA:15,0
DA:16,0
DA:17,0
DA:18,0
DA:27,0
DA:37,0
DA:38,0
DA:39,0
DA:40,0
DA:41,0
DA:42,0
DA:49,0
DA:54,0
DA:55,0
DA:58,0
DA:59,0
DA:60,0
DA:66,0
DA:67,0
DA:75,0
DA:78,0
DA:79,0
DA:83,0
DA:84,0
DA:86,0
DA:94,0
DA:95,0
DA:98,0
DA:102,0
DA:103,0
DA:110,0
DA:111,0
DA:122,0
DA:156,0
DA:165,0
DA:214,0
DA:216,0
DA:274,0
DA:281,0
DA:288,0
DA:297,0
DA:325,0
DA:331,0
DA:346,0
DA:350,0
DA:354,0
DA:358,0
DA:369,0
DA:373,0
DA:376,0
DA:393,0
LF:55
LH:0
BRDA:102,0,0,0
BRDA:110,1,0,0
BRDA:181,2,0,0
BRDA:181,2,1,0
BRDA:218,3,0,0
BRDA:218,3,1,0
BRDA:225,4,0,0
BRDA:225,4,1,0
BRDA:246,5,0,0
BRDA:246,5,1,0
BRDA:247,6,0,0
BRDA:247,6,1,0
BRDA:248,7,0,0
BRDA:248,7,1,0
BRDA:249,8,0,0
BRDA:249,8,1,0
BRDA:250,9,0,0
BRDA:250,9,1,0
BRDA:251,10,0,0
BRDA:251,10,1,0
BRDA:252,11,0,0
BRDA:252,11,1,0
BRDA:258,12,0,0
BRDA:258,12,1,0
BRDA:289,13,0,0
BRDA:289,13,1,0
BRDA:290,14,0,0
BRDA:290,14,1,0
BRF:28
BRH:0
end_of_record
TN:
SF:src/pages/Investigations.tsx
FN:51,(anonymous_0)
FN:118,(anonymous_1)
FN:131,(anonymous_2)
FN:148,(anonymous_3)
FN:168,(anonymous_4)
FN:182,(anonymous_5)
FN:201,(anonymous_6)
FN:221,(anonymous_7)
FN:232,(anonymous_8)
FN:242,(anonymous_9)
FN:270,(anonymous_10)
FN:288,(anonymous_11)
FN:294,(anonymous_12)
FN:300,(anonymous_13)
FN:312,(anonymous_14)
FN:319,(anonymous_15)
FN:326,(anonymous_16)
FN:333,(anonymous_17)
FN:347,(anonymous_18)
FN:348,(anonymous_19)
FN:358,(anonymous_20)
FN:364,(anonymous_21)
FN:370,(anonymous_22)
FN:376,(anonymous_23)
FN:385,(anonymous_24)
FN:394,(anonymous_25)
FN:407,(anonymous_26)
FN:408,(anonymous_27)
FNF:28
FNH:0
FNDA:0,(anonymous_0)
FNDA:0,(anonymous_1)
FNDA:0,(anonymous_2)
FNDA:0,(anonymous_3)
FNDA:0,(anonymous_4)
FNDA:0,(anonymous_5)
FNDA:0,(anonymous_6)
FNDA:0,(anonymous_7)
FNDA:0,(anonymous_8)
FNDA:0,(anonymous_9)
FNDA:0,(anonymous_10)
FNDA:0,(anonymous_11)
FNDA:0,(anonymous_12)
FNDA:0,(anonymous_13)
FNDA:0,(anonymous_14)
FNDA:0,(anonymous_15)
FNDA:0,(anonymous_16)
FNDA:0,(anonymous_17)
FNDA:0,(anonymous_18)
FNDA:0,(anonymous_19)
FNDA:0,(anonymous_20)
FNDA:0,(anonymous_21)
FNDA:0,(anonymous_22)
FNDA:0,(anonymous_23)
FNDA:0,(anonymous_24)
FNDA:0,(anonymous_25)
FNDA:0,(anonymous_26)
FNDA:0,(anonymous_27)
DA:1,0
DA:2,0
DA:3,0
DA:22,0
DA:23,0
DA:24,0
DA:25,0
DA:27,0
DA:28,0
DA:51,0
DA:52,0
DA:53,0
DA:54,0
DA:55,0
DA:58,0
DA:113,0
DA:119,0
DA:132,0
DA:149,0
DA:156,0
DA:157,0
DA:169,0
DA:175,0
DA:176,0
DA:183,0
DA:202,0
DA:203,0
DA:208,0
DA:209,0
DA:210,0
DA:222,0
DA:233,0
DA:240,0
DA:242,0
DA:244,0
DA:270,0
DA:288,0
DA:294,0
DA:300,0
DA:312,0
DA:319,0
DA:326,0
DA:333,0
DA:347,0
DA:349,0
DA:358,0
DA:364,0
DA:370,0
DA:376,0
DA:385,0
DA:394,0
DA:407,0
DA:408,0
DA:409,0
DA:411,0
DA:412,0
DA:415,0
DA:469,0
LF:58
LH:0
BRDA:121,0,0,0
BRDA:121,0,1,0
BRDA:122,1,0,0
BRDA:122,1,1,0
BRDA:123,2,0,0
BRDA:123,2,1,0
BRDA:124,3,0,0
BRDA:124,3,1,0
BRDA:202,4,0,0
BRDA:240,5,0,0
BRDA:240,5,1,0
BRDA:310,6,0,0
BRDA:310,6,1,0
BRDA:317,7,0,0
BRDA:317,7,1,0
BRDA:324,8,0,0
BRDA:324,8,1,0
BRDA:331,9,0,0
BRDA:331,9,1,0
BRF:19
BRH:0
end_of_record
TN:
SF:src/pages/InvestigationsPage.tsx
FN:8,InvestigationsPage
FN:14,(anonymous_1)
FN:83,(anonymous_2)
FN:143,(anonymous_3)
FN:143,(anonymous_4)
FN:150,(anonymous_5)
FN:150,(anonymous_6)
FN:170,(anonymous_7)
FN:170,(anonymous_8)
FN:177,(anonymous_9)
FN:177,(anonymous_10)
FNF:11
FNH:0
FNDA:0,InvestigationsPage
FNDA:0,(anonymous_1)
FNDA:0,(anonymous_2)
FNDA:0,(anonymous_3)
FNDA:0,(anonymous_4)
FNDA:0,(anonymous_5)
FNDA:0,(anonymous_6)
FNDA:0,(anonymous_7)
FNDA:0,(anonymous_8)
FNDA:0,(anonymous_9)
FNDA:0,(anonymous_10)
DA:1,0
DA:2,0
DA:3,0
DA:4,0
DA:5,0
DA:6,0
DA:8,0
DA:9,0
DA:10,0
DA:12,0
DA:14,0
DA:17,0
DA:84,0
DA:143,0
DA:150,0
DA:170,0
DA:177,0
LF:17
LH:0
BRDA:35,0,0,0
BRDA:35,0,1,0
BRDA:37,1,0,0
BRDA:37,1,1,0
BRDA:92,2,0,0
BRDA:92,2,1,0
BRDA:98,3,0,0
BRDA:98,3,1,0
BRDA:100,4,0,0
BRDA:100,4,1,0
BRDA:102,5,0,0
BRDA:102,5,1,0
BRDA:107,6,0,0
BRDA:107,6,1,0
BRDA:109,7,0,0
BRDA:109,7,1,0
BRDA:111,8,0,0
BRDA:111,8,1,0
BRDA:139,9,0,0
BRDA:139,9,1,0
BRDA:139,9,2,0
BRF:21
BRH:0
end_of_record
TN:
SF:src/pages/LoginPage.tsx
FN:16,LoginPage
FN:18,(anonymous_1)
FN:30,(anonymous_2)
FNF:3
FNH:2
FNDA:17,LoginPage
FNDA:0,(anonymous_1)
FNDA:1,(anonymous_2)
DA:1,1
DA:2,1
DA:3,1
DA:4,1
DA:5,1
DA:6,1
DA:7,1
DA:9,1
DA:16,1
DA:17,17
DA:18,17
DA:19,17
DA:20,16
DA:26,16
DA:30,16
DA:31,1
DA:32,1
DA:33,1
DA:35,1
DA:36,1
DA:38,1
DA:39,0
DA:41,1
DA:43,1
DA:47,16
LF:25
LH:24
BRDA:41,0,0,1
BRDA:41,0,1,1
BRDA:63,1,0,16
BRDA:63,1,1,1
BRDA:80,2,0,16
BRDA:80,2,1,2
BRDA:95,3,0,16
BRDA:95,3,1,3
BRDA:107,4,0,0
BRDA:107,4,1,16
BRF:10
BRH:9
end_of_record
TN:
SF:src/pages/NewInvestigationPage.tsx
FN:19,NewInvestigationPage
FN:36,(anonymous_1)
FN:39,(anonymous_2)
FN:44,(anonymous_3)
FN:52,(anonymous_4)
FN:148,(anonymous_5)
FNF:6
FNH:4
FNDA:18,NewInvestigationPage
FNDA:1,(anonymous_1)
FNDA:1,(anonymous_2)
FNDA:2,(anonymous_3)
FNDA:0,(anonymous_4)
FNDA:0,(anonymous_5)
DA:1,1
DA:2,1
DA:3,1
DA:4,1
DA:5,1
DA:6,1
DA:7,1
DA:8,1
DA:10,1
DA:19,1
DA:20,18
DA:21,18
DA:27,17
DA:34,17
DA:37,1
DA:40,1
DA:44,17
DA:45,2
DA:46,2
DA:49,17
DA:52,0
DA:148,0
LF:22
LH:20
BRDA:40,0,0,1
BRDA:40,0,1,0
BRDA:67,1,0,17
BRDA:67,1,1,1
BRDA:84,2,0,17
BRDA:84,2,1,1
BRDA:98,3,0,17
BRDA:98,3,1,0
BRDA:158,4,0,0
BRDA:158,4,1,17
BRF:10
BRH:7
end_of_record
TN:
SF:src/pages/RegisterPage.tsx
FN:19,RegisterPage
FN:32,(anonymous_1)
FNF:2
FNH:0
FNDA:0,RegisterPage
FNDA:0,(anonymous_1)
DA:1,0
DA:2,0
DA:3,0
DA:4,0
DA:5,0
DA:6,0
DA:8,0
DA:19,0
DA:20,0
DA:21,0
DA:22,0
DA:28,0
DA:32,0
DA:33,0
DA:34,0
DA:35,0
DA:37,0
DA:38,0
DA:40,0
DA:42,0
DA:46,0
LF:21
LH:0
BRDA:40,0,0,0
BRDA:40,0,1,0
BRDA:59,1,0,0
BRDA:59,1,1,0
BRDA:74,2,0,0
BRDA:74,2,1,0
BRDA:87,3,0,0
BRDA:87,3,1,0
BRDA:100,4,0,0
BRDA:100,4,1,0
BRDA:113,5,0,0
BRDA:113,5,1,0
BRDA:149,6,0,0
BRDA:149,6,1,0
BRF:14
BRH:0
end_of_record
TN:
SF:src/services/authService.ts
FN:10,(anonymous_0)
FN:21,(anonymous_1)
FN:26,(anonymous_2)
FN:31,(anonymous_3)
FNF:4
FNH:0
FNDA:0,(anonymous_0)
FNDA:0,(anonymous_1)
FNDA:0,(anonymous_2)
FNDA:0,(anonymous_3)
DA:1,0
DA:9,0
DA:11,0
DA:12,0
DA:13,0
DA:15,0
DA:18,0
DA:22,0
DA:23,0
DA:27,0
DA:28,0
DA:32,0
DA:35,0
LF:13
LH:0
BRF:0
BRH:0
end_of_record
TN:
SF:src/services/investigationService.ts
FN:12,(anonymous_0)
FN:17,(anonymous_1)
FN:24,(anonymous_2)
FN:29,(anonymous_3)
FN:33,(anonymous_4)
FN:38,(anonymous_5)
FN:43,(anonymous_6)
FNF:7
FNH:0
FNDA:0,(anonymous_0)
FNDA:0,(anonymous_1)
FNDA:0,(anonymous_2)
FNDA:0,(anonymous_3)
FNDA:0,(anonymous_4)
FNDA:0,(anonymous_5)
FNDA:0,(anonymous_6)
DA:1,0
DA:11,0
DA:13,0
DA:14,0
DA:18,0
DA:21,0
DA:25,0
DA:26,0
DA:30,0
DA:34,0
DA:35,0
DA:39,0
DA:40,0
DA:44,0
DA:45,0
LF:15
LH:0
BRDA:17,0,0,0
BRDA:17,1,0,0
BRF:2
BRH:0
end_of_record
TN:
SF:src/stores/authStore.ts
FN:16,(anonymous_0)
FN:21,(anonymous_1)
FN:28,(anonymous_2)
FNF:3
FNH:3
FNDA:1,(anonymous_0)
FNDA:3,(anonymous_1)
FNDA:1,(anonymous_2)
DA:1,1
DA:2,1
DA:14,1
DA:16,1
DA:22,3
DA:29,1
LF:6
LH:6
BRF:0
BRH:0
end_of_record
TN:
SF:src/tests/setup.ts
FN:6,(anonymous_0)
FN:11,(anonymous_1)
FN:15,(anonymous_2)
FN:16,(anonymous_3)
FN:19,(anonymous_4)
FN:22,(anonymous_5)
FN:33,(anonymous_6)
FN:40,(anonymous_7)
FN:44,(anonymous_8)
FN:45,(anonymous_9)
FN:46,(anonymous_10)
FN:47,(anonymous_11)
FN:48,(anonymous_12)
FNF:13
FNH:0
FNDA:0,(anonymous_0)
FNDA:0,(anonymous_1)
FNDA:0,(anonymous_2)
FNDA:0,(anonymous_3)
FNDA:0,(anonymous_4)
FNDA:0,(anonymous_5)
FNDA:0,(anonymous_6)
FNDA:0,(anonymous_7)
FNDA:0,(anonymous_8)
FNDA:0,(anonymous_9)
FNDA:0,(anonymous_10)
FNDA:0,(anonymous_11)
FNDA:0,(anonymous_12)
DA:1,0
DA:2,0
DA:3,0
DA:6,0
DA:7,0
DA:11,0
DA:12,0
DA:14,0
DA:15,0
DA:17,0
DA:20,0
DA:23,0
DA:28,0
DA:33,0
DA:34,0
DA:38,0
DA:40,0
LF:17
LH:0
BRDA:15,0,0,0
BRDA:15,0,1,0
BRF:2
BRH:0
end_of_record
TN:
SF:src/utils/lazyLoading.tsx
FN:14,(anonymous_0)
FN:20,(anonymous_1)
FN:41,LazyLoadContent
FN:52,(anonymous_3)
FN:54,(anonymous_4)
FN:68,(anonymous_5)
FN:90,LazyImage
FN:105,(anonymous_7)
FN:106,(anonymous_8)
FN:109,(anonymous_9)
FN:132,InfiniteScroll
FN:142,(anonymous_11)
FN:146,(anonymous_12)
FN:158,(anonymous_13)
FN:194,VirtualScroll
FN:215,(anonymous_15)
FN:227,(anonymous_16)
FN:246,useInView
FN:250,(anonymous_18)
FN:252,(anonymous_19)
FN:260,(anonymous_20)
FN:269,useInfiniteScroll
FN:279,(anonymous_22)
FN:288,(anonymous_23)
FN:298,(anonymous_24)
FNF:25
FNH:0
FNDA:0,(anonymous_0)
FNDA:0,(anonymous_1)
FNDA:0,LazyLoadContent
FNDA:0,(anonymous_3)
FNDA:0,(anonymous_4)
FNDA:0,(anonymous_5)
FNDA:0,LazyImage
FNDA:0,(anonymous_7)
FNDA:0,(anonymous_8)
FNDA:0,(anonymous_9)
FNDA:0,InfiniteScroll
FNDA:0,(anonymous_11)
FNDA:0,(anonymous_12)
FNDA:0,(anonymous_13)
FNDA:0,VirtualScroll
FNDA:0,(anonymous_15)
FNDA:0,(anonymous_16)
FNDA:0,useInView
FNDA:0,(anonymous_18)
FNDA:0,(anonymous_19)
FNDA:0,(anonymous_20)
FNDA:0,useInfiniteScroll
FNDA:0,(anonymous_22)
FNDA:0,(anonymous_23)
FNDA:0,(anonymous_24)
DA:6,0
DA:7,0
DA:14,0
DA:18,0
DA:20,0
DA:21,0
DA:41,0
DA:49,0
DA:50,0
DA:52,0
DA:53,0
DA:55,0
DA:56,0
DA:57,0
DA:58,0
DA:64,0
DA:65,0
DA:68,0
DA:71,0
DA:90,0
DA:97,0
DA:98,0
DA:100,0
DA:105,0
DA:106,0
DA:110,0
DA:111,0
DA:132,0
DA:140,0
DA:142,0
DA:143,0
DA:145,0
DA:147,0
DA:148,0
DA:154,0
DA:155,0
DA:158,0
DA:161,0
DA:194,0
DA:201,0
DA:203,0
DA:204,0
DA:205,0
DA:210,0
DA:212,0
DA:215,0
DA:228,0
DA:246,0
DA:247,0
DA:248,0
DA:250,0
DA:251,0
DA:252,0
DA:256,0
DA:257,0
DA:260,0
DA:263,0
DA:269,0
DA:273,0
DA:274,0
DA:275,0
DA:276,0
DA:277,0
DA:279,0
DA:280,0
DA:282,0
DA:283,0
DA:284,0
DA:286,0
DA:288,0
DA:289,0
DA:290,0
DA:292,0
DA:294,0
DA:298,0
DA:299,0
DA:300,0
DA:301,0
DA:302,0
DA:305,0
LF:80
LH:0
BRDA:21,0,0,0
BRDA:21,0,1,0
BRDA:43,1,0,0
BRDA:44,2,0,0
BRDA:45,3,0,0
BRDA:55,4,0,0
BRDA:64,5,0,0
BRDA:73,6,0,0
BRDA:73,6,1,0
BRDA:73,7,0,0
BRDA:73,7,1,0
BRDA:93,8,0,0
BRDA:94,9,0,0
BRDA:107,10,0,0
BRDA:107,10,1,0
BRDA:110,11,0,0
BRDA:110,12,0,0
BRDA:110,12,1,0
BRDA:138,13,0,0
BRDA:143,14,0,0
BRDA:143,15,0,0
BRDA:143,15,1,0
BRDA:147,16,0,0
BRDA:154,17,0,0
BRDA:165,18,0,0
BRDA:165,18,1,0
BRDA:167,19,0,0
BRDA:167,19,1,0
BRDA:167,19,2,0
BRDA:171,20,0,0
BRDA:171,20,1,0
BRDA:171,20,2,0
BRDA:199,21,0,0
BRDA:256,22,0,0
BRDA:280,23,0,0
BRDA:280,24,0,0
BRDA:280,24,1,0
BRF:37
BRH:0
end_of_record
